0 info it worked if it ends with ok
1 verbose cli [ '/usr/local/bin/node',
1 verbose cli   '/usr/local/lib/node_modules/cnpm/node_modules/.bin/npm',
1 verbose cli   '--userconfig=/Users/huanghui/.cnpmrc',
1 verbose cli   '--disturl=https://npm.taobao.org/mirrors/node',
1 verbose cli   '--registry=https://registry.npm.taobao.org',
1 verbose cli   'run',
1 verbose cli   'extract' ]
2 info using npm@3.10.5
3 info using node@v8.8.1
4 verbose stack Error: ENOENT: no such file or directory, open '/Users/huanghui/Documents/huanghui8030.github.io/widget/webpack/webpack1214/package.json'
5 verbose cwd /Users/huanghui/Documents/huanghui8030.github.io/widget/webpack/webpack1214
6 error Darwin 15.6.0
7 error argv "/usr/local/bin/node" "/usr/local/lib/node_modules/cnpm/node_modules/.bin/npm" "--userconfig=/Users/huanghui/.cnpmrc" "--disturl=https://npm.taobao.org/mirrors/node" "--registry=https://registry.npm.taobao.org" "run" "extract"
8 error node v8.8.1
9 error npm  v3.10.5
10 error path /Users/huanghui/Documents/huanghui8030.github.io/widget/webpack/webpack1214/package.json
11 error code ENOENT
12 error errno -2
13 error syscall open
14 error enoent ENOENT: no such file or directory, open '/Users/huanghui/Documents/huanghui8030.github.io/widget/webpack/webpack1214/package.json'
15 error enoent ENOENT: no such file or directory, open '/Users/huanghui/Documents/huanghui8030.github.io/widget/webpack/webpack1214/package.json'
15 error enoent This is most likely not a problem with npm itself
15 error enoent and is related to npm not being able to find a file.
16 verbose exit [ -2, true ]
